<?xml version="1.0" encoding="UTF-8"?>
<!-- Generated by org.testng.reporters.JUnitXMLReporter -->
<testsuite hostname="LAPTOP-FUEFTUT8" ignored="0" name="Default test" tests="3" failures="0" timestamp="2022-03-30T12:07:01 IST" time="3.859" errors="0">
  <testcase name="DeleteTest1" time="2.651" classname="Tests.PutPatchDeleteExample"/>
  <testcase name="patchTest1" time="0.601" classname="Tests.PutPatchDeleteExample"/>
  <testcase name="putTest1" time="0.53" classname="Tests.PutPatchDeleteExample"/>
</testsuite> <!-- Default test -->
